[2021-04-09 12:40:58] [ INFO ] [CarResource:46] Getting cars list
[2021-04-09 12:40:58] [ INFO ] [CarResource:55] Getting car by id: 3
[2021-04-09 12:40:58] [ ERROR] [CarResource:58] Car not found
[2021-04-09 12:41:31] [ INFO ] [CarResource:46] Getting cars list
[2021-04-09 12:41:31] [ INFO ] [CarResource:55] Getting car by id: 3
[2021-04-09 12:41:31] [ ERROR] [CarResource:58] Car not found
[2021-04-13 10:17:11] [ INFO ] [CarResource:46] Getting cars list
[2021-04-13 10:17:11] [ INFO ] [CarResource:55] Getting car by id: 3
[2021-04-13 10:17:11] [ ERROR] [CarResource:58] Car not found
[2021-04-13 10:18:44] [ INFO ] [CarResource:46] Getting cars list
[2021-04-13 10:18:44] [ INFO ] [CarResource:55] Getting car by id: 3
[2021-04-13 10:18:44] [ ERROR] [CarResource:58] Car not found
[2021-04-13 10:19:04] [ INFO ] [CarResource:46] Getting cars list
[2021-04-13 10:19:04] [ INFO ] [CarResource:55] Getting car by id: 3
[2021-04-13 10:19:04] [ ERROR] [CarResource:58] Car not found
[2021-04-13 10:19:11] [ INFO ] [CarResource:46] Getting cars list
[2021-04-13 10:20:22] [ INFO ] [CarResource:46] Getting cars list
[2021-04-13 10:25:21] [ INFO ] [CarResource:46] Getting cars list
[2021-04-13 10:39:22] [ INFO ] [CarResource:46] Getting cars list
[2021-04-13 10:51:59] [ INFO ] [CarResource:46] Getting cars list
[2021-04-13 10:52:31] [ INFO ] [CarResource:46] Getting cars list
[2021-04-13 10:55:13] [ INFO ] [CarResource:46] Getting cars list
[2021-04-13 10:55:26] [ INFO ] [CarResource:46] Getting cars list
[2021-04-13 12:24:46] [ INFO ] [CarResource:46] Getting cars list
[2021-04-13 13:11:02] [ INFO ] [CarResource:46] Getting cars list
[2021-04-13 13:25:47] [ INFO ] [CarResource:46] Getting cars list
[2021-04-13 13:32:03] [ INFO ] [CarResource:46] Getting cars list
[2021-04-13 14:03:28] [ INFO ] [CarResource:46] Getting cars list
[2021-04-13 14:03:54] [ INFO ] [CarResource:46] Getting cars list
[2021-04-13 14:04:55] [ INFO ] [CarResource:46] Getting cars list
[2021-04-13 14:09:30] [ INFO ] [CarResource:46] Getting cars list
[2021-04-13 14:10:01] [ INFO ] [CarResource:46] Getting cars list
[2021-04-13 14:54:53] [ INFO ] [CarResource:46] Getting cars list
[2021-04-13 15:00:23] [ INFO ] [CarResource:46] Getting cars list
[2021-04-13 15:02:59] [ INFO ] [CarResource:46] Getting cars list
[2021-04-13 15:08:18] [ INFO ] [CarResource:46] Getting cars list
[2021-04-13 15:51:49] [ INFO ] [CarResource:46] Getting cars list
[2021-04-13 15:51:49] [ INFO ] [CarResource:70] Creating new car
[2021-04-13 15:51:49] [ INFO ] [CarResource:55] Getting car by id: 3
[2021-04-13 15:51:49] [ ERROR] [CarResource:58] Car not found
[2021-04-13 15:52:22] [ INFO ] [CarResource:46] Getting cars list
[2021-04-13 15:52:22] [ INFO ] [CarResource:70] Creating new car
[2021-04-13 15:52:22] [ INFO ] [CarResource:55] Getting car by id: 3
[2021-04-13 15:52:22] [ ERROR] [CarResource:58] Car not found
[2021-04-13 15:52:43] [ INFO ] [CarResource:46] Getting cars list
[2021-04-13 15:52:43] [ INFO ] [CarResource:70] Creating new car
[2021-04-13 15:52:43] [ INFO ] [CarResource:55] Getting car by id: 3
[2021-04-13 15:52:43] [ ERROR] [CarResource:58] Car not found
[2021-04-13 15:53:20] [ INFO ] [CarResource:46] Getting cars list
[2021-04-13 15:53:20] [ INFO ] [CarResource:70] Creating new car
[2021-04-13 15:53:20] [ INFO ] [CarResource:55] Getting car by id: 3
[2021-04-13 15:53:20] [ ERROR] [CarResource:58] Car not found
[2021-04-13 15:53:34] [ INFO ] [CarResource:46] Getting cars list
[2021-04-13 15:53:34] [ INFO ] [CarResource:70] Creating new car
[2021-04-13 15:53:34] [ INFO ] [CarResource:55] Getting car by id: 1
[2021-04-13 15:53:34] [ ERROR] [CarResource:58] Car not found
[2021-04-13 15:55:34] [ INFO ] [CarResource:46] Getting cars list
[2021-04-13 15:55:34] [ INFO ] [CarResource:55] Getting car by id: 3
[2021-04-13 15:55:34] [ ERROR] [CarResource:58] Car not found
[2021-04-13 15:56:17] [ INFO ] [CarResource:46] Getting cars list
[2021-04-13 15:56:17] [ INFO ] [CarResource:55] Getting car by id: 3
[2021-04-13 15:56:17] [ ERROR] [CarResource:58] Car not found
[2021-04-13 15:57:02] [ INFO ] [CarResource:46] Getting cars list
[2021-04-13 15:57:02] [ INFO ] [CarResource:55] Getting car by id: 3
[2021-04-13 15:57:02] [ INFO ] [CarResource:62] Car found
[2021-04-13 15:57:34] [ INFO ] [CarResource:46] Getting cars list
[2021-04-13 15:57:34] [ INFO ] [CarResource:70] Creating new car
[2021-04-13 15:57:34] [ INFO ] [CarResource:55] Getting car by id: 3
[2021-04-13 15:57:34] [ INFO ] [CarResource:62] Car found
[2021-04-13 15:59:09] [ INFO ] [CarResource:46] Getting cars list
[2021-04-13 15:59:09] [ INFO ] [CarResource:70] Creating new car
[2021-04-13 15:59:09] [ INFO ] [CarResource:55] Getting car by id: 3
[2021-04-13 15:59:09] [ INFO ] [CarResource:62] Car found
[2021-04-13 15:59:44] [ INFO ] [CarResource:46] Getting cars list
[2021-04-13 15:59:44] [ INFO ] [CarResource:70] Creating new car
[2021-04-13 15:59:44] [ INFO ] [CarResource:55] Getting car by id: 3
[2021-04-13 15:59:44] [ INFO ] [CarResource:62] Car found
[2021-04-13 16:02:48] [ INFO ] [CarResource:81] Updating car by id: 3
[2021-04-13 16:02:48] [ INFO ] [CarResource:89] Car updated
[2021-04-13 16:02:48] [ INFO ] [CarResource:46] Getting cars list
[2021-04-13 16:02:48] [ INFO ] [CarResource:98] Deleting car by id: 3
[2021-04-13 16:02:48] [ INFO ] [CarResource:105] Car deleted
[2021-04-13 16:02:48] [ INFO ] [CarResource:70] Creating new car
[2021-04-13 16:02:48] [ INFO ] [CarResource:55] Getting car by id: 3
[2021-04-13 16:02:48] [ INFO ] [CarResource:62] Car found
[2021-04-13 16:03:02] [ INFO ] [CarResource:81] Updating car by id: 3
[2021-04-13 16:03:02] [ INFO ] [CarResource:89] Car updated
[2021-04-13 16:03:02] [ INFO ] [CarResource:46] Getting cars list
[2021-04-13 16:03:02] [ INFO ] [CarResource:98] Deleting car by id: 3
[2021-04-13 16:03:02] [ INFO ] [CarResource:105] Car deleted
[2021-04-13 16:03:02] [ INFO ] [CarResource:70] Creating new car
[2021-04-13 16:03:02] [ INFO ] [CarResource:55] Getting car by id: 3
[2021-04-13 16:03:02] [ INFO ] [CarResource:62] Car found
[2021-04-13 17:04:02] [ INFO ] [CarService:32] Getting cars list
[2021-04-13 17:06:00] [ INFO ] [CarService:32] Getting cars list
[2021-04-13 17:08:47] [ INFO ] [CarResource:81] Updating car by id: 3
[2021-04-13 17:08:47] [ INFO ] [CarResource:89] Car updated
[2021-04-13 17:08:47] [ INFO ] [CarResource:46] Getting cars list
[2021-04-13 17:08:47] [ INFO ] [CarResource:98] Deleting car by id: 3
[2021-04-13 17:08:47] [ INFO ] [CarResource:105] Car deleted
[2021-04-13 17:08:47] [ INFO ] [CarResource:70] Creating new car
[2021-04-13 17:08:47] [ INFO ] [CarResource:55] Getting car by id: 3
[2021-04-13 17:08:47] [ INFO ] [CarResource:62] Car found
[2021-04-14 09:42:56] [ INFO ] [CarResource:81] Updating car by id: 3
[2021-04-14 09:42:56] [ INFO ] [CarResource:89] Car updated
[2021-04-14 09:42:56] [ INFO ] [CarResource:46] Getting cars list
[2021-04-14 09:42:56] [ INFO ] [CarResource:98] Deleting car by id: 3
[2021-04-14 09:42:56] [ INFO ] [CarResource:105] Car deleted
[2021-04-14 09:42:56] [ INFO ] [CarResource:70] Creating new car
[2021-04-14 09:42:56] [ INFO ] [CarResource:55] Getting car by id: 3
[2021-04-14 09:42:56] [ INFO ] [CarResource:62] Car found
[2021-04-14 09:44:51] [ INFO ] [CarResource:81] Updating car by id: 3
[2021-04-14 09:44:51] [ INFO ] [CarResource:89] Car updated
[2021-04-14 09:44:51] [ INFO ] [CarResource:46] Getting cars list
[2021-04-14 09:44:51] [ INFO ] [CarResource:98] Deleting car by id: 3
[2021-04-14 09:44:51] [ ERROR] [CarResource:101] Car not found
[2021-04-14 09:44:51] [ INFO ] [CarResource:70] Creating new car
[2021-04-14 09:44:51] [ INFO ] [CarResource:55] Getting car by id: 3
[2021-04-14 09:44:51] [ ERROR] [CarResource:58] Car not found
[2021-04-14 09:46:52] [ INFO ] [CarResource:81] Updating car by id: 3
[2021-04-14 09:46:52] [ INFO ] [CarResource:89] Car updated
[2021-04-14 09:46:52] [ INFO ] [CarResource:46] Getting cars list
[2021-04-14 09:46:52] [ INFO ] [CarResource:98] Deleting car by id: 3
[2021-04-14 09:46:52] [ ERROR] [CarResource:101] Car not found
[2021-04-14 09:46:52] [ INFO ] [CarResource:70] Creating new car
[2021-04-14 09:46:52] [ INFO ] [CarResource:55] Getting car by id: 3
[2021-04-14 09:46:52] [ ERROR] [CarResource:58] Car not found
[2021-04-14 09:46:57] [ INFO ] [CarResource:81] Updating car by id: 3
[2021-04-14 09:46:57] [ INFO ] [CarResource:89] Car updated
[2021-04-14 09:46:57] [ INFO ] [CarResource:46] Getting cars list
[2021-04-14 09:46:57] [ INFO ] [CarResource:98] Deleting car by id: 3
[2021-04-14 09:46:57] [ INFO ] [CarResource:105] Car deleted
[2021-04-14 09:46:57] [ INFO ] [CarResource:70] Creating new car
[2021-04-14 09:46:57] [ INFO ] [CarResource:55] Getting car by id: 3
[2021-04-14 09:46:57] [ INFO ] [CarResource:62] Car found
